<?xml version="1.0" encoding="UTF-8"?>
<testng-results ignored="0" total="1" passed="1" failed="0" skipped="0">
  <reporter-output>
    <line>
      <![CDATA[Sauce Login Started Execution]]>
    </line>
    <line>
      <![CDATA[Sauce Login button clicked]]>
    </line>
  </reporter-output>
  <suite started-at="2023-04-18T19:10:03 IST" name="Suite" finished-at="2023-04-18T19:10:10 IST" duration-ms="7588">
    <groups>
    </groups>
    <test started-at="2023-04-18T19:10:03 IST" name="Default test" finished-at="2023-04-18T19:10:10 IST" duration-ms="7588">
      <class name="com.SauceDemoProject.testscripts.SauceLoginTest">
        <test-method is-config="true" signature="setup()[pri:0, instance:com.SauceDemoProject.testscripts.SauceLoginTest@5939a379]" started-at="2023-04-18T19:10:03 IST" name="setup" finished-at="2023-04-18T19:10:09 IST" duration-ms="6500" status="PASS">
          <reporter-output>
          </reporter-output>
        </test-method> <!-- setup -->
        <test-method signature="verifySauceLogin()[pri:0, instance:com.SauceDemoProject.testscripts.SauceLoginTest@5939a379]" started-at="2023-04-18T19:10:09 IST" name="verifySauceLogin" finished-at="2023-04-18T19:10:10 IST" duration-ms="685" status="PASS">
          <reporter-output>
            <line>
              <![CDATA[Sauce Login Started Execution]]>
            </line>
            <line>
              <![CDATA[Sauce Login button clicked]]>
            </line>
          </reporter-output>
        </test-method> <!-- verifySauceLogin -->
        <test-method is-config="true" signature="teardown()[pri:0, instance:com.SauceDemoProject.testscripts.SauceLoginTest@5939a379]" started-at="2023-04-18T19:10:10 IST" name="teardown" finished-at="2023-04-18T19:10:10 IST" duration-ms="344" status="PASS">
          <reporter-output>
          </reporter-output>
        </test-method> <!-- teardown -->
      </class> <!-- com.SauceDemoProject.testscripts.SauceLoginTest -->
    </test> <!-- Default test -->
  </suite> <!-- Suite -->
</testng-results>
